[debug] [2021-11-10T22:34:49.329Z] ----------------------------------------------------------------------
[debug] [2021-11-10T22:34:49.333Z] Command:       C:\Program Files\nodejs\node.exe C:\Users\aliNjr\AppData\Roaming\npm\node_modules\firebase-tools\lib\bin\firebase.js deploy
[debug] [2021-11-10T22:34:49.333Z] CLI Version:   9.22.0
[debug] [2021-11-10T22:34:49.333Z] Platform:      win32
[debug] [2021-11-10T22:34:49.334Z] Node Version:  v15.8.0
[debug] [2021-11-10T22:34:49.334Z] Time:          Wed Nov 10 2021 23:34:49 GMT+0100 (heure normale d’Afrique de l’Ouest)
[debug] [2021-11-10T22:34:49.335Z] ----------------------------------------------------------------------
[debug] 
[debug] [2021-11-10T22:34:49.419Z] > command requires scopes: ["email","openid","https://www.googleapis.com/auth/cloudplatformprojects.readonly","https://www.googleapis.com/auth/firebase","https://www.googleapis.com/auth/cloud-platform"]
[debug] [2021-11-10T22:34:49.419Z] > authorizing via signed-in user (alichaabane98@gmail.com)
[debug] [2021-11-10T22:34:49.419Z] [iam] checking project meetups-project-86e41 for permissions ["firebase.projects.get","firebasehosting.sites.update"]
[debug] [2021-11-10T22:34:49.422Z] >>> HTTP REQUEST POST https://cloudresourcemanager.googleapis.com/v1/projects/meetups-project-86e41:testIamPermissions  
 {"permissions":["firebase.projects.get","firebasehosting.sites.update"]}
[debug] [2021-11-10T22:34:51.186Z] <<< HTTP RESPONSE 200 {"content-type":"application/json; charset=UTF-8","vary":"X-Origin, Referer, Origin,Accept-Encoding","date":"Wed, 10 Nov 2021 22:34:55 GMT","server":"ESF","cache-control":"private","x-xss-protection":"0","x-frame-options":"SAMEORIGIN","x-content-type-options":"nosniff","server-timing":"gfet4t7; dur=674","alt-svc":"h3=\":443\"; ma=2592000,h3-29=\":443\"; ma=2592000,h3-Q050=\":443\"; ma=2592000,h3-Q046=\":443\"; ma=2592000,h3-Q043=\":443\"; ma=2592000,quic=\":443\"; ma=2592000; v=\"46,43\"","accept-ranges":"none","transfer-encoding":"chunked"}
[debug] [2021-11-10T22:34:51.189Z] > refreshing access token with scopes: []
[debug] [2021-11-10T22:34:51.189Z] >>> HTTP REQUEST POST https://www.googleapis.com/oauth2/v3/token  
 <request body omitted>
[debug] [2021-11-10T22:34:51.483Z] <<< HTTP RESPONSE 200 {"date":"Wed, 10 Nov 2021 22:34:55 GMT","cache-control":"no-cache, no-store, max-age=0, must-revalidate","pragma":"no-cache","expires":"Mon, 01 Jan 1990 00:00:00 GMT","content-type":"application/json; charset=utf-8","vary":"X-Origin, Referer, Origin,Accept-Encoding","server":"scaffolding on HTTPServer2","x-xss-protection":"0","x-frame-options":"SAMEORIGIN","x-content-type-options":"nosniff","alt-svc":"h3=\":443\"; ma=2592000,h3-29=\":443\"; ma=2592000,h3-Q050=\":443\"; ma=2592000,h3-Q046=\":443\"; ma=2592000,h3-Q043=\":443\"; ma=2592000,quic=\":443\"; ma=2592000; v=\"46,43\"","accept-ranges":"none","transfer-encoding":"chunked"}
[debug] [2021-11-10T22:34:51.497Z] >>> [apiv2][query] GET https://firebase.googleapis.com/v1beta1/projects/meetups-project-86e41 [none]
[debug] [2021-11-10T22:34:52.043Z] <<< [apiv2][status] GET https://firebase.googleapis.com/v1beta1/projects/meetups-project-86e41 200
[debug] [2021-11-10T22:34:52.044Z] <<< [apiv2][body] GET https://firebase.googleapis.com/v1beta1/projects/meetups-project-86e41 {"projectId":"meetups-project-86e41","projectNumber":"31744822375","displayName":"meetups-project","name":"projects/meetups-project-86e41","resources":{"hostingSite":"meetups-project-86e41"},"state":"ACTIVE"}
[info] 
[info] === Deploying to 'meetups-project-86e41'...
[info] 
[info] i  deploying hosting 
[debug] [2021-11-10T22:34:52.063Z] > refreshing access token with scopes: ["email","https://www.googleapis.com/auth/cloud-platform","https://www.googleapis.com/auth/cloudplatformprojects.readonly","https://www.googleapis.com/auth/firebase","openid"]
[debug] [2021-11-10T22:34:52.064Z] >>> HTTP REQUEST POST https://www.googleapis.com/oauth2/v3/token  
 <request body omitted>
[debug] [2021-11-10T22:34:52.325Z] <<< HTTP RESPONSE 200 {"cache-control":"no-cache, no-store, max-age=0, must-revalidate","pragma":"no-cache","date":"Wed, 10 Nov 2021 22:34:56 GMT","expires":"Mon, 01 Jan 1990 00:00:00 GMT","content-type":"application/json; charset=utf-8","vary":"X-Origin, Referer, Origin,Accept-Encoding","server":"scaffolding on HTTPServer2","x-xss-protection":"0","x-frame-options":"SAMEORIGIN","x-content-type-options":"nosniff","alt-svc":"h3=\":443\"; ma=2592000,h3-29=\":443\"; ma=2592000,h3-Q050=\":443\"; ma=2592000,h3-Q046=\":443\"; ma=2592000,h3-Q043=\":443\"; ma=2592000,quic=\":443\"; ma=2592000; v=\"46,43\"","accept-ranges":"none","transfer-encoding":"chunked"}
[debug] [2021-11-10T22:34:52.376Z] >>> HTTP REQUEST POST https://firebasehosting.googleapis.com/v1beta1/sites/meetups-project-86e41/versions  
 {"config":{"rewrites":[{"glob":"**","path":"/index.html"}]},"labels":{"deployment-tool":"cli-firebase"}}
[debug] [2021-11-10T22:34:53.952Z] <<< HTTP RESPONSE 200 {"content-type":"application/json; charset=UTF-8","vary":"X-Origin, Referer, Origin,Accept-Encoding","date":"Wed, 10 Nov 2021 22:34:58 GMT","server":"ESF","cache-control":"private","x-xss-protection":"0","x-frame-options":"SAMEORIGIN","x-content-type-options":"nosniff","alt-svc":"h3=\":443\"; ma=2592000,h3-29=\":443\"; ma=2592000,h3-Q050=\":443\"; ma=2592000,h3-Q046=\":443\"; ma=2592000,h3-Q043=\":443\"; ma=2592000,quic=\":443\"; ma=2592000; v=\"46,43\"","accept-ranges":"none","transfer-encoding":"chunked"}
[info] i  hosting[meetups-project-86e41]: beginning deploy... 
[info] i  hosting[meetups-project-86e41]: found 17 files in build 
[debug] [2021-11-10T22:34:54.095Z] > refreshing access token with scopes: []
[debug] [2021-11-10T22:34:54.096Z] >>> HTTP REQUEST POST https://www.googleapis.com/oauth2/v3/token  
 <request body omitted>
[debug] [2021-11-10T22:34:54.098Z] [hosting] hash cache [YnVpbGQ] stored for 17 files
[debug] [2021-11-10T22:34:54.098Z] [hosting][hash queue][FINAL] {"max":119,"min":4,"avg":16.41176470588235,"active":0,"complete":17,"success":17,"errored":0,"retried":0,"total":17,"elapsed":127}
[debug] [2021-11-10T22:34:54.360Z] <<< HTTP RESPONSE 200 {"pragma":"no-cache","date":"Wed, 10 Nov 2021 22:34:58 GMT","cache-control":"no-cache, no-store, max-age=0, must-revalidate","expires":"Mon, 01 Jan 1990 00:00:00 GMT","content-type":"application/json; charset=utf-8","vary":"X-Origin, Referer, Origin,Accept-Encoding","server":"scaffolding on HTTPServer2","x-xss-protection":"0","x-frame-options":"SAMEORIGIN","x-content-type-options":"nosniff","alt-svc":"h3=\":443\"; ma=2592000,h3-29=\":443\"; ma=2592000,h3-Q050=\":443\"; ma=2592000,h3-Q046=\":443\"; ma=2592000,h3-Q043=\":443\"; ma=2592000,quic=\":443\"; ma=2592000; v=\"46,43\"","accept-ranges":"none","transfer-encoding":"chunked"}
[debug] [2021-11-10T22:34:54.371Z] >>> [apiv2][query] POST https://firebasehosting.googleapis.com/v1beta1/sites/meetups-project-86e41/versions/4955b86db7627444:populateFiles [none]
[debug] [2021-11-10T22:34:54.371Z] >>> [apiv2][body] POST https://firebasehosting.googleapis.com/v1beta1/sites/meetups-project-86e41/versions/4955b86db7627444:populateFiles {"files":{"/favicon.ico":"eae62e993eb980ec8a25058c39d5a51feab118bd2100c4deebb2a9c158ec11f9","/logo192.png":"3ee59515172ee198f3be375979df15ac5345183e656720a381b8872b2a39dc8b","/logo512.png":"ee7e2f3fdb8209c4b6fd7bef6ba50d1b9dba30a25bb5c3126df057e1cb6f5331","/manifest.json":"87de5800ee8bc0729874439904b1e46d68ff86b6d05b6101ed2175b22f487614","/robots.txt":"b2090cf9761ef60aa06e4fab97679bd43dfa5e5df073701ead5879d7c68f1ec5","/worker.js":"67b6bd0f1ea965a385720e5b12b6042819ccb908e6d890449be8a56232befbf6","/asset-manifest.json":"668a2cb46b05160f9b43e79c9c6608721f8642bf3472273000a0e45bcfb9c8b2","/index.html":"0d1f8336dafe6d1c30272296dc91fedc4742c9f2a89ac38cf67c64325f3638a7","/static/css/main.1eee4dd9.chunk.css":"beda31fc7db614804c38783239c7ff9cc228fdb842a6497468fa3eb19389ffcc","/static/css/main.1eee4dd9.chunk.css.map":"e9f6e3c1d1e5ed2567a463917c1b1ed766874e4a76af56f2d6c0d13fd747e858","/static/js/2.241e1dbe.chunk.js.LICENSE.txt":"b4e95181f9d106e37f1a01d800b7276e5340628e8db9c183d5c478f71d7832d2","/static/js/main.11e54ba7.chunk.js":"e07c11f6e8812e18881cf9a5a2dd94883ddffb6148b68f849261d2bc3ff8902d","/static/js/runtime-main.57728e09.js":"c48e860c74dcae7e70701e52860268dd8868f6e997f586dfbe5d5e9b6713493c","/static/js/main.11e54ba7.chunk.js.map":"6d7bade5a4bc5261bd5a168d7474feedb33ea103aeec35d0952bb2db26843be8","/static/js/runtime-main.57728e09.js.map":"5ab332d2060574c5f0a0f279650e6cf564c8480f40ae0c71cb0df7b368459f96","/static/js/2.241e1dbe.chunk.js":"158bf3f6dd0c568a6ceadf6f765a5ba85878227aa13a0c773cb9853166a8fe28","/static/js/2.241e1dbe.chunk.js.map":"5733520c2fc8918b357979a8b3f2b15ad249ac6e313dc37263f70ba9eb91f317"}}
[debug] [2021-11-10T22:34:55.497Z] <<< [apiv2][status] POST https://firebasehosting.googleapis.com/v1beta1/sites/meetups-project-86e41/versions/4955b86db7627444:populateFiles 200
[debug] [2021-11-10T22:34:55.498Z] <<< [apiv2][body] POST https://firebasehosting.googleapis.com/v1beta1/sites/meetups-project-86e41/versions/4955b86db7627444:populateFiles {"uploadRequiredHashes":["beda31fc7db614804c38783239c7ff9cc228fdb842a6497468fa3eb19389ffcc","668a2cb46b05160f9b43e79c9c6608721f8642bf3472273000a0e45bcfb9c8b2","0d1f8336dafe6d1c30272296dc91fedc4742c9f2a89ac38cf67c64325f3638a7","e9f6e3c1d1e5ed2567a463917c1b1ed766874e4a76af56f2d6c0d13fd747e858"],"uploadUrl":"https://upload-firebasehosting.googleapis.com/upload/sites/meetups-project-86e41/versions/4955b86db7627444/files"}
[debug] [2021-11-10T22:34:55.499Z] >>> [apiv2][query] POST https://upload-firebasehosting.googleapis.com/upload/sites/meetups-project-86e41/versions/4955b86db7627444/files/beda31fc7db614804c38783239c7ff9cc228fdb842a6497468fa3eb19389ffcc [none]
[debug] [2021-11-10T22:34:55.500Z] >>> [apiv2][body] POST https://upload-firebasehosting.googleapis.com/upload/sites/meetups-project-86e41/versions/4955b86db7627444/files/beda31fc7db614804c38783239c7ff9cc228fdb842a6497468fa3eb19389ffcc [stream]
[debug] [2021-11-10T22:34:55.501Z] >>> [apiv2][query] POST https://upload-firebasehosting.googleapis.com/upload/sites/meetups-project-86e41/versions/4955b86db7627444/files/668a2cb46b05160f9b43e79c9c6608721f8642bf3472273000a0e45bcfb9c8b2 [none]
[debug] [2021-11-10T22:34:55.501Z] >>> [apiv2][body] POST https://upload-firebasehosting.googleapis.com/upload/sites/meetups-project-86e41/versions/4955b86db7627444/files/668a2cb46b05160f9b43e79c9c6608721f8642bf3472273000a0e45bcfb9c8b2 [stream]
[debug] [2021-11-10T22:34:55.502Z] >>> [apiv2][query] POST https://upload-firebasehosting.googleapis.com/upload/sites/meetups-project-86e41/versions/4955b86db7627444/files/0d1f8336dafe6d1c30272296dc91fedc4742c9f2a89ac38cf67c64325f3638a7 [none]
[debug] [2021-11-10T22:34:55.502Z] >>> [apiv2][body] POST https://upload-firebasehosting.googleapis.com/upload/sites/meetups-project-86e41/versions/4955b86db7627444/files/0d1f8336dafe6d1c30272296dc91fedc4742c9f2a89ac38cf67c64325f3638a7 [stream]
[debug] [2021-11-10T22:34:55.503Z] >>> [apiv2][query] POST https://upload-firebasehosting.googleapis.com/upload/sites/meetups-project-86e41/versions/4955b86db7627444/files/e9f6e3c1d1e5ed2567a463917c1b1ed766874e4a76af56f2d6c0d13fd747e858 [none]
[debug] [2021-11-10T22:34:55.504Z] >>> [apiv2][body] POST https://upload-firebasehosting.googleapis.com/upload/sites/meetups-project-86e41/versions/4955b86db7627444/files/e9f6e3c1d1e5ed2567a463917c1b1ed766874e4a76af56f2d6c0d13fd747e858 [stream]
[debug] [2021-11-10T22:34:55.505Z] [hosting][populate queue][FINAL] {"max":1404,"min":1404,"avg":1404,"active":0,"complete":1,"success":1,"errored":0,"retried":0,"total":1,"elapsed":1410}
[debug] [2021-11-10T22:34:55.505Z] [hosting] uploads queued: 4
[debug] [2021-11-10T22:35:17.084Z] [uploadQueue] Retrying task e9f6e3c1d1e5ed2567a463917c1b1ed766874e4a76af56f2d6c0d13fd747e858
[debug] [2021-11-10T22:35:17.085Z] >>> [apiv2][query] POST https://upload-firebasehosting.googleapis.com/upload/sites/meetups-project-86e41/versions/4955b86db7627444/files/e9f6e3c1d1e5ed2567a463917c1b1ed766874e4a76af56f2d6c0d13fd747e858 [none]
[debug] [2021-11-10T22:35:17.086Z] >>> [apiv2][body] POST https://upload-firebasehosting.googleapis.com/upload/sites/meetups-project-86e41/versions/4955b86db7627444/files/e9f6e3c1d1e5ed2567a463917c1b1ed766874e4a76af56f2d6c0d13fd747e858 [stream]
[debug] [2021-11-10T22:35:17.087Z] [uploadQueue] Retrying task beda31fc7db614804c38783239c7ff9cc228fdb842a6497468fa3eb19389ffcc
[debug] [2021-11-10T22:35:17.088Z] >>> [apiv2][query] POST https://upload-firebasehosting.googleapis.com/upload/sites/meetups-project-86e41/versions/4955b86db7627444/files/beda31fc7db614804c38783239c7ff9cc228fdb842a6497468fa3eb19389ffcc [none]
[debug] [2021-11-10T22:35:17.088Z] >>> [apiv2][body] POST https://upload-firebasehosting.googleapis.com/upload/sites/meetups-project-86e41/versions/4955b86db7627444/files/beda31fc7db614804c38783239c7ff9cc228fdb842a6497468fa3eb19389ffcc [stream]
[debug] [2021-11-10T22:35:17.089Z] [uploadQueue] Retrying task 668a2cb46b05160f9b43e79c9c6608721f8642bf3472273000a0e45bcfb9c8b2
[debug] [2021-11-10T22:35:17.090Z] >>> [apiv2][query] POST https://upload-firebasehosting.googleapis.com/upload/sites/meetups-project-86e41/versions/4955b86db7627444/files/668a2cb46b05160f9b43e79c9c6608721f8642bf3472273000a0e45bcfb9c8b2 [none]
[debug] [2021-11-10T22:35:17.090Z] >>> [apiv2][body] POST https://upload-firebasehosting.googleapis.com/upload/sites/meetups-project-86e41/versions/4955b86db7627444/files/668a2cb46b05160f9b43e79c9c6608721f8642bf3472273000a0e45bcfb9c8b2 [stream]
[debug] [2021-11-10T22:35:17.091Z] [uploadQueue] Retrying task 0d1f8336dafe6d1c30272296dc91fedc4742c9f2a89ac38cf67c64325f3638a7
[debug] [2021-11-10T22:35:17.092Z] >>> [apiv2][query] POST https://upload-firebasehosting.googleapis.com/upload/sites/meetups-project-86e41/versions/4955b86db7627444/files/0d1f8336dafe6d1c30272296dc91fedc4742c9f2a89ac38cf67c64325f3638a7 [none]
[debug] [2021-11-10T22:35:17.092Z] >>> [apiv2][body] POST https://upload-firebasehosting.googleapis.com/upload/sites/meetups-project-86e41/versions/4955b86db7627444/files/0d1f8336dafe6d1c30272296dc91fedc4742c9f2a89ac38cf67c64325f3638a7 [stream]
[debug] [2021-11-10T22:35:38.937Z] [uploadQueue] Retrying task beda31fc7db614804c38783239c7ff9cc228fdb842a6497468fa3eb19389ffcc
[debug] [2021-11-10T22:35:38.941Z] >>> [apiv2][query] POST https://upload-firebasehosting.googleapis.com/upload/sites/meetups-project-86e41/versions/4955b86db7627444/files/beda31fc7db614804c38783239c7ff9cc228fdb842a6497468fa3eb19389ffcc [none]
[debug] [2021-11-10T22:35:38.941Z] >>> [apiv2][body] POST https://upload-firebasehosting.googleapis.com/upload/sites/meetups-project-86e41/versions/4955b86db7627444/files/beda31fc7db614804c38783239c7ff9cc228fdb842a6497468fa3eb19389ffcc [stream]
[debug] [2021-11-10T22:35:38.942Z] [uploadQueue] Retrying task e9f6e3c1d1e5ed2567a463917c1b1ed766874e4a76af56f2d6c0d13fd747e858
[debug] [2021-11-10T22:35:38.943Z] >>> [apiv2][query] POST https://upload-firebasehosting.googleapis.com/upload/sites/meetups-project-86e41/versions/4955b86db7627444/files/e9f6e3c1d1e5ed2567a463917c1b1ed766874e4a76af56f2d6c0d13fd747e858 [none]
[debug] [2021-11-10T22:35:38.943Z] >>> [apiv2][body] POST https://upload-firebasehosting.googleapis.com/upload/sites/meetups-project-86e41/versions/4955b86db7627444/files/e9f6e3c1d1e5ed2567a463917c1b1ed766874e4a76af56f2d6c0d13fd747e858 [stream]
[debug] [2021-11-10T22:35:38.944Z] [uploadQueue] Retrying task 0d1f8336dafe6d1c30272296dc91fedc4742c9f2a89ac38cf67c64325f3638a7
[debug] [2021-11-10T22:35:38.944Z] >>> [apiv2][query] POST https://upload-firebasehosting.googleapis.com/upload/sites/meetups-project-86e41/versions/4955b86db7627444/files/0d1f8336dafe6d1c30272296dc91fedc4742c9f2a89ac38cf67c64325f3638a7 [none]
[debug] [2021-11-10T22:35:38.944Z] >>> [apiv2][body] POST https://upload-firebasehosting.googleapis.com/upload/sites/meetups-project-86e41/versions/4955b86db7627444/files/0d1f8336dafe6d1c30272296dc91fedc4742c9f2a89ac38cf67c64325f3638a7 [stream]
[debug] [2021-11-10T22:35:38.945Z] [uploadQueue] Retrying task 668a2cb46b05160f9b43e79c9c6608721f8642bf3472273000a0e45bcfb9c8b2
[debug] [2021-11-10T22:35:38.946Z] >>> [apiv2][query] POST https://upload-firebasehosting.googleapis.com/upload/sites/meetups-project-86e41/versions/4955b86db7627444/files/668a2cb46b05160f9b43e79c9c6608721f8642bf3472273000a0e45bcfb9c8b2 [none]
[debug] [2021-11-10T22:35:38.946Z] >>> [apiv2][body] POST https://upload-firebasehosting.googleapis.com/upload/sites/meetups-project-86e41/versions/4955b86db7627444/files/668a2cb46b05160f9b43e79c9c6608721f8642bf3472273000a0e45bcfb9c8b2 [stream]
[debug] [2021-11-10T22:36:01.573Z] [uploadQueue] Retrying task beda31fc7db614804c38783239c7ff9cc228fdb842a6497468fa3eb19389ffcc
[debug] [2021-11-10T22:36:01.574Z] >>> [apiv2][query] POST https://upload-firebasehosting.googleapis.com/upload/sites/meetups-project-86e41/versions/4955b86db7627444/files/beda31fc7db614804c38783239c7ff9cc228fdb842a6497468fa3eb19389ffcc [none]
[debug] [2021-11-10T22:36:01.574Z] >>> [apiv2][body] POST https://upload-firebasehosting.googleapis.com/upload/sites/meetups-project-86e41/versions/4955b86db7627444/files/beda31fc7db614804c38783239c7ff9cc228fdb842a6497468fa3eb19389ffcc [stream]
[debug] [2021-11-10T22:36:01.576Z] [uploadQueue] Retrying task 668a2cb46b05160f9b43e79c9c6608721f8642bf3472273000a0e45bcfb9c8b2
[debug] [2021-11-10T22:36:01.577Z] >>> [apiv2][query] POST https://upload-firebasehosting.googleapis.com/upload/sites/meetups-project-86e41/versions/4955b86db7627444/files/668a2cb46b05160f9b43e79c9c6608721f8642bf3472273000a0e45bcfb9c8b2 [none]
[debug] [2021-11-10T22:36:01.577Z] >>> [apiv2][body] POST https://upload-firebasehosting.googleapis.com/upload/sites/meetups-project-86e41/versions/4955b86db7627444/files/668a2cb46b05160f9b43e79c9c6608721f8642bf3472273000a0e45bcfb9c8b2 [stream]
[debug] [2021-11-10T22:36:01.578Z] [uploadQueue] Retrying task e9f6e3c1d1e5ed2567a463917c1b1ed766874e4a76af56f2d6c0d13fd747e858
[debug] [2021-11-10T22:36:01.579Z] >>> [apiv2][query] POST https://upload-firebasehosting.googleapis.com/upload/sites/meetups-project-86e41/versions/4955b86db7627444/files/e9f6e3c1d1e5ed2567a463917c1b1ed766874e4a76af56f2d6c0d13fd747e858 [none]
[debug] [2021-11-10T22:36:01.579Z] >>> [apiv2][body] POST https://upload-firebasehosting.googleapis.com/upload/sites/meetups-project-86e41/versions/4955b86db7627444/files/e9f6e3c1d1e5ed2567a463917c1b1ed766874e4a76af56f2d6c0d13fd747e858 [stream]
[debug] [2021-11-10T22:36:01.580Z] [uploadQueue] Retrying task 0d1f8336dafe6d1c30272296dc91fedc4742c9f2a89ac38cf67c64325f3638a7
[debug] [2021-11-10T22:36:01.580Z] >>> [apiv2][query] POST https://upload-firebasehosting.googleapis.com/upload/sites/meetups-project-86e41/versions/4955b86db7627444/files/0d1f8336dafe6d1c30272296dc91fedc4742c9f2a89ac38cf67c64325f3638a7 [none]
[debug] [2021-11-10T22:36:01.580Z] >>> [apiv2][body] POST https://upload-firebasehosting.googleapis.com/upload/sites/meetups-project-86e41/versions/4955b86db7627444/files/0d1f8336dafe6d1c30272296dc91fedc4742c9f2a89ac38cf67c64325f3638a7 [stream]
[debug] [2021-11-10T22:36:25.829Z] [uploadQueue] Retrying task beda31fc7db614804c38783239c7ff9cc228fdb842a6497468fa3eb19389ffcc
[debug] [2021-11-10T22:36:25.829Z] >>> [apiv2][query] POST https://upload-firebasehosting.googleapis.com/upload/sites/meetups-project-86e41/versions/4955b86db7627444/files/beda31fc7db614804c38783239c7ff9cc228fdb842a6497468fa3eb19389ffcc [none]
[debug] [2021-11-10T22:36:25.829Z] >>> [apiv2][body] POST https://upload-firebasehosting.googleapis.com/upload/sites/meetups-project-86e41/versions/4955b86db7627444/files/beda31fc7db614804c38783239c7ff9cc228fdb842a6497468fa3eb19389ffcc [stream]
[debug] [2021-11-10T22:36:25.831Z] [uploadQueue] Retrying task 668a2cb46b05160f9b43e79c9c6608721f8642bf3472273000a0e45bcfb9c8b2
[debug] [2021-11-10T22:36:25.831Z] >>> [apiv2][query] POST https://upload-firebasehosting.googleapis.com/upload/sites/meetups-project-86e41/versions/4955b86db7627444/files/668a2cb46b05160f9b43e79c9c6608721f8642bf3472273000a0e45bcfb9c8b2 [none]
[debug] [2021-11-10T22:36:25.831Z] >>> [apiv2][body] POST https://upload-firebasehosting.googleapis.com/upload/sites/meetups-project-86e41/versions/4955b86db7627444/files/668a2cb46b05160f9b43e79c9c6608721f8642bf3472273000a0e45bcfb9c8b2 [stream]
[debug] [2021-11-10T22:36:25.833Z] [uploadQueue] Retrying task 0d1f8336dafe6d1c30272296dc91fedc4742c9f2a89ac38cf67c64325f3638a7
[debug] [2021-11-10T22:36:25.833Z] >>> [apiv2][query] POST https://upload-firebasehosting.googleapis.com/upload/sites/meetups-project-86e41/versions/4955b86db7627444/files/0d1f8336dafe6d1c30272296dc91fedc4742c9f2a89ac38cf67c64325f3638a7 [none]
[debug] [2021-11-10T22:36:25.833Z] >>> [apiv2][body] POST https://upload-firebasehosting.googleapis.com/upload/sites/meetups-project-86e41/versions/4955b86db7627444/files/0d1f8336dafe6d1c30272296dc91fedc4742c9f2a89ac38cf67c64325f3638a7 [stream]
[debug] [2021-11-10T22:36:25.834Z] [uploadQueue] Retrying task e9f6e3c1d1e5ed2567a463917c1b1ed766874e4a76af56f2d6c0d13fd747e858
[debug] [2021-11-10T22:36:25.838Z] >>> [apiv2][query] POST https://upload-firebasehosting.googleapis.com/upload/sites/meetups-project-86e41/versions/4955b86db7627444/files/e9f6e3c1d1e5ed2567a463917c1b1ed766874e4a76af56f2d6c0d13fd747e858 [none]
[debug] [2021-11-10T22:36:25.838Z] >>> [apiv2][body] POST https://upload-firebasehosting.googleapis.com/upload/sites/meetups-project-86e41/versions/4955b86db7627444/files/e9f6e3c1d1e5ed2567a463917c1b1ed766874e4a76af56f2d6c0d13fd747e858 [stream]
